2012/12/07 15:58:58 [error] [php] date() [<a href='function.date'>function.date</a>]: It is not safe to rely on the system's timezone settings. You are *required* to use the date.timezone setting or the date_default_timezone_set() function. In case you used any of those methods and you are still getting this warning, you most likely misspelled the timezone identifier. We selected 'Asia/Krasnoyarsk' for '7.0/no DST' instead (C:\Program Files (x86)\Zend\Apache2\htdocs\gr\protected\views\layouts\main.php:51)
Stack trace:
#0 C:\Program Files (x86)\Zend\Apache2\htdocs\yii\framework\web\CBaseController.php(96): SiteController->renderInternal()
#1 C:\Program Files (x86)\Zend\Apache2\htdocs\yii\framework\web\widgets\CContentDecorator.php(77): SiteController->renderFile()
#2 C:\Program Files (x86)\Zend\Apache2\htdocs\yii\framework\web\widgets\CContentDecorator.php(55): CContentDecorator->decorate()
#3 C:\Program Files (x86)\Zend\Apache2\htdocs\yii\framework\web\widgets\COutputProcessor.php(45): CContentDecorator->processOutput()
#4 C:\Program Files (x86)\Zend\Apache2\htdocs\yii\framework\web\CBaseController.php(207): CContentDecorator->run()
#5 C:\Program Files (x86)\Zend\Apache2\htdocs\yii\framework\web\CBaseController.php(301): SiteController->endWidget()
#6 C:\Program Files (x86)\Zend\Apache2\htdocs\gr\protected\views\layouts\column1.php(6): SiteController->endContent()
#7 C:\Program Files (x86)\Zend\Apache2\htdocs\yii\framework\web\CBaseController.php(127): require()
#8 C:\Program Files (x86)\Zend\Apache2\htdocs\yii\framework\web\CBaseController.php(96): SiteController->renderInternal()
#9 C:\Program Files (x86)\Zend\Apache2\htdocs\yii\framework\web\CController.php(785): SiteController->renderFile()
#10 C:\Program Files (x86)\Zend\Apache2\htdocs\gr\protected\controllers\SiteController.php(32): SiteController->render()
#11 C:\Program Files (x86)\Zend\Apache2\htdocs\yii\framework\web\actions\CInlineAction.php(50): SiteController->actionIndex()
#12 C:\Program Files (x86)\Zend\Apache2\htdocs\yii\framework\web\CController.php(309): CInlineAction->runWithParams()
#13 C:\Program Files (x86)\Zend\Apache2\htdocs\yii\framework\web\CController.php(287): SiteController->runAction()
#14 C:\Program Files (x86)\Zend\Apache2\htdocs\yii\framework\web\CController.php(266): SiteController->runActionWithFilters()
#15 C:\Program Files (x86)\Zend\Apache2\htdocs\yii\framework\web\CWebApplication.php(283): SiteController->run()
#16 C:\Program Files (x86)\Zend\Apache2\htdocs\yii\framework\web\CWebApplication.php(142): CWebApplication->runController()
#17 C:\Program Files (x86)\Zend\Apache2\htdocs\yii\framework\base\CApplication.php(162): CWebApplication->processRequest()
#18 C:\Program Files (x86)\Zend\Apache2\htdocs\gr\index.php(13): CWebApplication->run()
REQUEST_URI=/gr/
in C:\Program Files (x86)\Zend\Apache2\htdocs\gr\protected\views\layouts\main.php (51)
in C:\Program Files (x86)\Zend\Apache2\htdocs\gr\protected\views\layouts\column1.php (6)
in C:\Program Files (x86)\Zend\Apache2\htdocs\gr\protected\controllers\SiteController.php (32)
